0 info it worked if it ends with ok
1 verbose cli [
1 verbose cli   '/usr/local/Cellar/node/14.5.0/bin/node',
1 verbose cli   '/usr/local/bin/npm',
1 verbose cli   'install',
1 verbose cli   '--global',
1 verbose cli   'http-server'
1 verbose cli ]
2 info using npm@3.10.9
3 info using node@v14.5.0
4 silly loadCurrentTree Starting
5 silly install loadCurrentTree
6 silly install readGlobalPackageData
7 silly fetchPackageMetaData http-server
8 silly fetchNamedPackageData http-server
9 silly mapToRegistry name http-server
10 silly mapToRegistry using default registry
11 silly mapToRegistry registry https://martifactory.io/api/npm/virtual-npm/
12 silly mapToRegistry data Result {
12 silly mapToRegistry   raw: 'http-server',
12 silly mapToRegistry   scope: null,
12 silly mapToRegistry   escapedName: 'http-server',
12 silly mapToRegistry   name: 'http-server',
12 silly mapToRegistry   rawSpec: '',
12 silly mapToRegistry   spec: 'latest',
12 silly mapToRegistry   type: 'tag'
12 silly mapToRegistry }
13 silly mapToRegistry uri https://martifactory.io/api/npm/virtual-npm/http-server
14 verbose request uri https://martifactory.io/api/npm/virtual-npm/http-server
15 verbose request always-auth set; sending authorization
16 info attempt registry request try #1 at 6:01:38 PM
17 verbose request id 10b9feaa2337b96f
18 http request GET https://martifactory.io/api/npm/virtual-npm/http-server
19 http 200 https://martifactory.io/api/npm/virtual-npm/http-server
20 verbose headers {
20 verbose headers   'content-encoding': 'gzip',
20 verbose headers   'content-type': 'application/json',
20 verbose headers   date: 'Mon, 28 Sep 2020 21:01:45 GMT',
20 verbose headers   server: 'Artifactory/6.18.1',
20 verbose headers   'x-artifactory-id': '824a5c2a8dbe26424b7e14723ecbffc48e774fce',
20 verbose headers   'x-artifactory-node-id': 'art-ip-10-251-0-166',
20 verbose headers   'x-checksum-sha1': '769a9010fcc857aa0a844d4fad62603f6427fc33',
20 verbose headers   'content-length': '14142',
20 verbose headers   connection: 'keep-alive'
20 verbose headers }
21 silly get cb [
21 silly get   200,
21 silly get   {
21 silly get     'content-encoding': 'gzip',
21 silly get     'content-type': 'application/json',
21 silly get     date: 'Mon, 28 Sep 2020 21:01:45 GMT',
21 silly get     server: 'Artifactory/6.18.1',
21 silly get     'x-artifactory-id': '824a5c2a8dbe26424b7e14723ecbffc48e774fce',
21 silly get     'x-artifactory-node-id': 'art-ip-10-251-0-166',
21 silly get     'x-checksum-sha1': '769a9010fcc857aa0a844d4fad62603f6427fc33',
21 silly get     'content-length': '14142',
21 silly get     connection: 'keep-alive'
21 silly get   }
21 silly get ]
22 verbose get saving http-server to /Users/rgallo/.npm/martifactory.io/api/npm/virtual-npm/http-server/.cache.json
23 verbose correctMkdir /Users/rgallo/.npm correctMkdir not in flight; initializing
24 verbose stack TypeError: cb.apply is not a function
24 verbose stack     at /usr/local/lib/node_modules/npm/node_modules/graceful-fs/polyfills.js:267:18
24 verbose stack     at FSReqCallback.oncomplete (fs.js:177:5)
25 verbose cwd /Users/rgallo/Repositorios/sistemas-graficos
26 error Darwin 19.4.0
27 error argv "/usr/local/Cellar/node/14.5.0/bin/node" "/usr/local/bin/npm" "install" "--global" "http-server"
28 error node v14.5.0
29 error npm  v3.10.9
30 error cb.apply is not a function
31 error If you need help, you may report this error at:
31 error     <https://github.com/npm/npm/issues>
32 verbose exit [ 1, true ]
